<?xml version="1.0" encoding="UTF-8"?>
<!-- Generated by org.testng.reporters.JUnitReportReporter -->
<testsuite hostname="DESKTOP-E7DOC76" failures="0" tests="1" name="com.cucumberFramework.testRunner.TestRunner" time="70.316" errors="0" timestamp="29 Dec 2020 16:33:59 GMT">
  <testcase classname="com.cucumberFramework.testRunner.TestRunner" name="feature" time="70.316"/>
</testsuite> <!-- com.cucumberFramework.testRunner.TestRunner -->
